<?xml version="1.0" encoding="UTF-8"?>
<!-- Generated by org.testng.reporters.JUnitReportReporter -->
<testsuite hostname="DESKTOP-5QPL10C" failures="0" tests="1" name="exercise.ExerciseTest" time="4.872" errors="0" timestamp="2023-12-27T11:05:43 IST" skipped="0">
  <testcase classname="exercise.ExerciseTest" name="verifyLogin" time="4.872"/>
  <system-out/>
</testsuite> <!-- exercise.ExerciseTest -->
