<?xml version="1.0" encoding="UTF-8"?>
<!-- Generated by org.testng.reporters.JUnitReportReporter -->
<testsuite hostname="MSI" failures="0" tests="1" name="testRunner.TestRunner" time="41.700" errors="0" timestamp="2023-12-21T11:00:33 IST" skipped="0">
  <testcase classname="testRunner.TestRunner" name="runScenario" time="41.700"/>
  <system-out/>
</testsuite> <!-- testRunner.TestRunner -->
