<?xml version="1.0" encoding="UTF-8"?>
<!-- Generated by org.testng.reporters.JUnitReportReporter -->
<testsuite hostname="DESKTOP-5QPL10C" failures="0" tests="1" name="testRunner.TestRunner" time="45.552" errors="0" timestamp="2023-12-22T12:55:54 IST" skipped="0">
  <testcase classname="testRunner.TestRunner" name="runScenario" time="45.552"/>
  <system-out/>
</testsuite> <!-- testRunner.TestRunner -->
